\standalonepreambles
\subpreamble{pages/indledning.tex}
\usepackage [subpreambles=true]{standalone}
\endsubpreamble
\subpreamble{pages/chapters/kapitel1.tex}
\usepackage [subpreambles=true]{standalone}
\endsubpreamble
\subpreamble{pages/sections/section1_1.tex}
\usepackage [subpreambles=true]{standalone}
\endsubpreamble
\subpreamble{pages/chapters/kapitel2.tex}
\usepackage [subpreambles=true]{standalone}
\endsubpreamble
\subpreamble{pages/sections/section2_1.tex}
\usepackage [subpreambles=true]{standalone}
\endsubpreamble
\subpreamble{pages/sections/section2_2.tex}
\usepackage [subpreambles=true]{standalone}
\endsubpreamble
\subpreamble{pages/konklusion.tex}
\usepackage [subpreambles=true]{standalone}
\endsubpreamble
\endstandalonepreambles
